05/15/2024 11:53:51 AM: INFO: **************************Test_001_Login**********************
05/15/2024 11:54:01 AM: INFO: **************************Home Page Title verify **********************
05/15/2024 11:54:01 AM: INFO: **************************Logged in User verify **********************
05/15/2024 11:57:51 AM: INFO: **************************Test_001_Login**********************
05/15/2024 11:57:59 AM: INFO: **************************Home Page Title verify **********************
05/15/2024 11:57:59 AM: INFO: **************************Logged in User verify **********************
05/15/2024 12:11:25 PM: INFO: **************************Test_001_Login**********************
05/15/2024 12:11:32 PM: INFO: **************************Home Page Title verify **********************
05/15/2024 12:11:32 PM: INFO: **************************Logged in User verify **********************
05/15/2024 12:14:32 PM: INFO: **************************Test_001_Login**********************
05/15/2024 12:14:39 PM: INFO: **************************Home Page Title verify **********************
05/15/2024 12:14:39 PM: INFO: **************************Logged in User verify **********************
05/15/2024 12:20:22 PM: INFO: **************************Test_001_Login**********************
05/15/2024 12:20:30 PM: INFO: **************************Home Page Title verify **********************
05/15/2024 12:20:30 PM: INFO: **************************Logged in User verify **********************
05/15/2024 12:21:49 PM: INFO: **************************Test_001_Login**********************
05/15/2024 12:21:57 PM: INFO: **************************Home Page Title verify **********************
05/15/2024 12:21:57 PM: INFO: **************************Logged in User verify **********************
05/15/2024 12:22:31 PM: INFO: **************************Test_001_Login**********************
05/15/2024 12:22:38 PM: INFO: **************************Home Page Title verify **********************
05/15/2024 12:22:38 PM: INFO: **************************Logged in User verify **********************
05/15/2024 12:53:40 PM: INFO: **************************Test_001_Login**********************
05/15/2024 12:53:45 PM: INFO: **************************Home Page Title verify **********************
05/15/2024 12:53:45 PM: INFO: **************************Logged in User verify **********************
05/16/2024 12:56:18 PM: INFO: **************************Test_001_Login**********************
05/16/2024 12:56:26 PM: INFO: **************************Home Page Title verify **********************
05/16/2024 12:56:26 PM: INFO: **************************Logged in User verify **********************
05/16/2024 12:57:45 PM: INFO: **************************Test_001_Login**********************
05/16/2024 12:57:57 PM: INFO: **************************Home Page Title verify **********************
05/16/2024 12:57:57 PM: INFO: **************************Logged in User verify **********************
05/16/2024 12:58:17 PM: INFO: **************************Test_001_Login**********************
05/16/2024 12:58:25 PM: INFO: **************************Home Page Title verify **********************
05/16/2024 12:58:25 PM: INFO: **************************Logged in User verify **********************
05/16/2024 12:59:20 PM: INFO: **************************Test_001_Login**********************
05/16/2024 01:00:54 PM: INFO: **************************Test_001_Login**********************
05/16/2024 01:01:00 PM: INFO: **************************Home Page Title verify **********************
05/16/2024 01:01:00 PM: INFO: **************************Logged in User verify **********************
05/16/2024 01:05:16 PM: INFO: **************************Test_001_Login**********************
05/16/2024 01:05:22 PM: INFO: **************************Home Page Title verify **********************
05/16/2024 01:05:22 PM: INFO: **************************Logged in User verify **********************
05/16/2024 01:06:08 PM: INFO: **************************Test_001_Login**********************
05/16/2024 01:06:14 PM: INFO: **************************Home Page Title verify **********************
05/16/2024 01:06:14 PM: INFO: **************************Logged in User verify **********************
05/16/2024 01:06:36 PM: INFO: **************************Test_001_Login**********************
05/16/2024 01:07:39 PM: INFO: **************************Test_001_Login**********************
